Arguments: 
  /Users/petergraham/.nvm/versions/node/v9.3.0/bin/node /usr/local/Cellar/yarn/1.5.1_1/libexec/bin/yarn.js

PATH: 
  /Users/petergraham/Documents/Coding/Flask/flask-template/venv/bin:/Users/petergraham/.nvm/versions/node/v9.3.0/bin:/usr/local/opt/openssl@1.1/bin:/usr/local/opt/php71/bin:/usr/local/bin:/usr/bin:/bin:/usr/sbin:/sbin

Yarn version: 
  1.5.1

Node version: 
  9.3.0

Platform: 
  darwin x64

npm manifest: 
  {
    "name": "Flask Template",
    "version": "1.0.0",
    "main": "null",
    "repository": "git@github.com:pwgraham91/Coffee-Connection.git",
    "author": "Peter Graham <pwgraham91@gmail.com>",
    "license": "MIT",
    "private": false,
    "dependencies": {
      "bootstrap": "^4.0.0",
      "less": "^3.0.1",
      "underscore": "^1.8.3"
    },
    "scripts": {
      "less": "less-watch-compiler app/static/css app/static/css"
    }
  }

yarn manifest: 
  No manifest

Lockfile: 
  No lockfile

Trace: 
  Error: package.json: Name contains illegal characters
      at new MessageError (/usr/local/Cellar/yarn/1.5.1_1/libexec/lib/cli.js:186:110)
      at module.exports.exports.default (/usr/local/Cellar/yarn/1.5.1_1/libexec/lib/cli.js:37549:13)
      at /usr/local/Cellar/yarn/1.5.1_1/libexec/lib/cli.js:52434:51
      at Generator.next (<anonymous>)
      at step (/usr/local/Cellar/yarn/1.5.1_1/libexec/lib/cli.js:98:30)
      at /usr/local/Cellar/yarn/1.5.1_1/libexec/lib/cli.js:109:13
      at <anonymous>
